<?xml version="1.0" encoding="utf-8"?>
<test-run id="2" name="MyCashApiTest.dll" fullname="C:/Workspace/ionicTest/MyCash/webapi/TestRunner/bin/Debug/netcoreapp1.1/MyCashApiTest.dll" testcasecount="3" result="Passed" start-time="2017-04-18 14:10:43Z" end-time="2017-04-18 14:10:43Z" duration="0.028802" total="3" passed="3" failed="0" inconclusive="0" skipped="0" asserts="3" random-seed="1659775779">
  <filter />
  <test-suite type="Assembly" id="1005" name="MyCashApiTest.dll" fullname="C:/Workspace/ionicTest/MyCash/webapi/TestRunner/bin/Debug/netcoreapp1.1/MyCashApiTest.dll" runstate="Runnable" testcasecount="3" result="Passed" start-time="2017-04-18 14:10:43Z" end-time="2017-04-18 14:10:43Z" duration="0.028802" total="3" passed="3" failed="0" warnings="0" inconclusive="0" skipped="0" asserts="3">
    <environment framework-version="3.6.1.0" clr-version=".NET Core 4.6.25009.03" os-version="Microsoft Windows 6.1.7601 S" cwd="C:\Workspace\ionicTest\MyCash\webapi\TestRunner" machine-name="H48662" culture="pl-PL" uiculture="en-US" os-architecture="X64" />
    <settings>
      <setting name="WorkDirectory" value="C:\Workspace\ionicTest\MyCash\webapi\TestRunner" />
    </settings>
    <test-suite type="TestSuite" id="1006" name="MyCashApiTest" fullname="MyCashApiTest" runstate="Runnable" testcasecount="3" result="Passed" start-time="2017-04-18 14:10:43Z" end-time="2017-04-18 14:10:43Z" duration="0.022492" total="3" passed="3" failed="0" warnings="0" inconclusive="0" skipped="0" asserts="3">
      <test-suite type="TestFixture" id="1000" name="TimeCalculationTest" fullname="MyCashApiTest.TimeCalculationTest" classname="MyCashApiTest.TimeCalculationTest" runstate="Runnable" testcasecount="3" result="Passed" start-time="2017-04-18 14:10:43Z" end-time="2017-04-18 14:10:43Z" duration="0.020936" total="3" passed="3" failed="0" warnings="0" inconclusive="0" skipped="0" asserts="3">
        <test-suite type="ParameterizedMethod" id="1004" name="DateDifferenceFromNowTest" fullname="MyCashApiTest.TimeCalculationTest.DateDifferenceFromNowTest" classname="MyCashApiTest.TimeCalculationTest" runstate="Runnable" testcasecount="3" result="Passed" start-time="2017-04-18 14:10:43Z" end-time="2017-04-18 14:10:43Z" duration="0.019093" total="3" passed="3" failed="0" warnings="0" inconclusive="0" skipped="0" asserts="3">
          <test-case id="1001" name="DateDifferenceFromNowTest(MyCashApiTest.TimeCalculationTest+TestData)" fullname="MyCashApiTest.TimeCalculationTest.DateDifferenceFromNowTest(MyCashApiTest.TimeCalculationTest+TestData)" methodname="DateDifferenceFromNowTest" classname="MyCashApiTest.TimeCalculationTest" runstate="Runnable" seed="1595558750" result="Passed" start-time="2017-04-18 14:10:43Z" end-time="2017-04-18 14:10:43Z" duration="0.012278" asserts="1" />
          <test-case id="1002" name="DateDifferenceFromNowTest(MyCashApiTest.TimeCalculationTest+TestData)" fullname="MyCashApiTest.TimeCalculationTest.DateDifferenceFromNowTest(MyCashApiTest.TimeCalculationTest+TestData)" methodname="DateDifferenceFromNowTest" classname="MyCashApiTest.TimeCalculationTest" runstate="Runnable" seed="1419625666" result="Passed" start-time="2017-04-18 14:10:43Z" end-time="2017-04-18 14:10:43Z" duration="0.000054" asserts="1" />
          <test-case id="1003" name="DateDifferenceFromNowTest(MyCashApiTest.TimeCalculationTest+TestData)" fullname="MyCashApiTest.TimeCalculationTest.DateDifferenceFromNowTest(MyCashApiTest.TimeCalculationTest+TestData)" methodname="DateDifferenceFromNowTest" classname="MyCashApiTest.TimeCalculationTest" runstate="Runnable" seed="1239165673" result="Passed" start-time="2017-04-18 14:10:43Z" end-time="2017-04-18 14:10:43Z" duration="0.000016" asserts="1" />
        </test-suite>
      </test-suite>
    </test-suite>
  </test-suite>
</test-run>